2024-06-26 11:10:17.077 [info] Added views:workbench.panel.markers.view in workbench.panel.markers
2024-06-26 11:10:17.077 [info] Added views:workbench.panel.output in workbench.panel.output
2024-06-26 11:10:17.077 [info] Added views:terminal in terminal
2024-06-26 11:10:17.077 [info] Added views:outline in workbench.view.explorer
2024-06-26 11:10:17.077 [info] Added views:workbench.scm in workbench.view.scm
2024-06-26 11:10:17.077 [info] Added views:workbench.view.search in workbench.view.search
2024-06-26 11:10:17.077 [info] Added views:timeline in workbench.view.explorer
2024-06-26 11:10:17.077 [info] Added views:workbench.explorer.emptyView in workbench.view.explorer
2024-06-26 11:10:17.536 [info] Added views:workbench.debug.welcome in workbench.view.debug
2024-06-26 11:10:17.637 [info] Added views:workbench.panel.repl.view in workbench.panel.repl
2024-06-26 11:10:17.730 [info] Added views:~remote.forwardedPorts in ~remote.forwardedPortsContainer
2024-06-26 11:10:24.012 [info] Added views:workbench.views.extensions.installed,workbench.views.extensions.popular,extensions.recommendedList in workbench.view.extensions
2024-06-26 11:10:24.016 [info] Removed views:workbench.views.extensions.popular from workbench.view.extensions
2024-06-26 11:10:24.651 [info] Removed views:extensions.recommendedList,workbench.views.extensions.installed from workbench.view.extensions
2024-06-26 11:10:24.663 [info] Added views:workbench.views.extensions.marketplace in workbench.view.extensions
2024-06-26 11:10:37.728 [info] Removed views:workbench.views.extensions.marketplace from workbench.view.extensions
2024-06-26 11:10:37.746 [info] Added views:workbench.views.extensions.searchInstalled in workbench.view.extensions
2024-06-26 11:10:41.782 [info] Removed views:workbench.views.extensions.searchInstalled from workbench.view.extensions
2024-06-26 11:10:41.796 [info] Added views:workbench.views.extensions.installed,extensions.recommendedList in workbench.view.extensions
2024-06-26 11:10:45.188 [info] Removed views:extensions.recommendedList,workbench.views.extensions.installed from workbench.view.extensions
2024-06-26 11:10:45.197 [info] Added views:workbench.views.extensions.marketplace in workbench.view.extensions
