2024-06-26 12:18:24.518 [info] Extension host with pid 42396 started
2024-06-26 12:18:24.618 [info] ExtensionService#_doActivateExtension vscode.git-base, startup: true, activationEvent: '*', root cause: vscode.git
2024-06-26 12:18:24.663 [info] ExtensionService#_doActivateExtension vscode.git, startup: true, activationEvent: '*'
2024-06-26 12:18:24.729 [info] ExtensionService#_doActivateExtension vscode.github, startup: true, activationEvent: '*'
2024-06-26 12:18:24.829 [info] Eager extensions activated
2024-06-26 12:18:24.878 [info] ExtensionService#_doActivateExtension vscode.debug-auto-launch, startup: false, activationEvent: 'onStartupFinished'
2024-06-26 12:18:24.881 [info] ExtensionService#_doActivateExtension vscode.merge-conflict, startup: false, activationEvent: 'onStartupFinished'
2024-06-26 12:18:24.893 [info] ExtensionService#_doActivateExtension Catppuccin.catppuccin-vsc, startup: false, activationEvent: 'onStartupFinished'
2024-06-26 12:18:45.466 [info] ExtensionService#_doActivateExtension vscode.emmet, startup: false, activationEvent: 'onLanguage'
2024-06-26 12:27:30.693 [info] ExtensionService#_doActivateExtension Shopify.ruby-lsp, startup: false, activationEvent: 'onCommand:rubyLsp.start'
2024-06-26 12:29:04.331 [info] ExtensionService#_doActivateExtension Shopify.ruby-extensions-pack, startup: false, activationEvent: 'onStartupFinished'
2024-06-26 12:31:50.993 [info] Extension host terminating: renderer closed the MessagePort
2024-06-26 12:31:51.029 [error] TypeError: Cannot read properties of undefined (reading 'deactivate')
	at Object.f_ (/home/simeon/.vscode/extensions/shopify.ruby-lsp-0.7.5/out/extension.js:58:271)
	at u.eb (/usr/share/code/resources/app/out/vs/workbench/api/node/extensionHostProcess.js:159:9796)
	at /usr/share/code/resources/app/out/vs/workbench/api/node/extensionHostProcess.js:159:7867
	at Array.map (<anonymous>)
	at u.$ (/usr/share/code/resources/app/out/vs/workbench/api/node/extensionHostProcess.js:159:7854)
	at u.terminate (/usr/share/code/resources/app/out/vs/workbench/api/node/extensionHostProcess.js:159:8127)
	at f.terminate (/usr/share/code/resources/app/out/vs/workbench/api/node/extensionHostProcess.js:163:1513)
	at t (/usr/share/code/resources/app/out/vs/workbench/api/node/extensionHostProcess.js:176:10459)
	at MessagePortMain.<anonymous> (/usr/share/code/resources/app/out/vs/workbench/api/node/extensionHostProcess.js:176:6675)
	at MessagePortMain.emit (node:events:514:28)
	at MessagePortMain._internalPort.emit (node:electron/js2c/utility_init:2:2285)
2024-06-26 12:31:51.030 [info] Extension host with pid 42396 exiting with code 0
2024-06-26 12:31:51.620 [info] Extension host with pid 44761 started
2024-06-26 12:31:51.635 [info] ExtensionService#_doActivateExtension vscode.emmet, startup: false, activationEvent: 'onLanguage'
2024-06-26 12:31:51.646 [info] ExtensionService#_doActivateExtension Shopify.ruby-lsp, startup: false, activationEvent: 'onCommand:rubyLsp.start'
2024-06-26 12:31:51.730 [info] ExtensionService#_doActivateExtension vscode.git-base, startup: false, activationEvent: '*', root cause: vscode.git
2024-06-26 12:31:51.805 [info] ExtensionService#_doActivateExtension vscode.git, startup: false, activationEvent: '*'
2024-06-26 12:31:51.867 [info] ExtensionService#_doActivateExtension vscode.github, startup: false, activationEvent: '*'
2024-06-26 12:31:52.636 [info] Eager extensions activated
2024-06-26 12:31:52.637 [info] ExtensionService#_doActivateExtension vscode.debug-auto-launch, startup: false, activationEvent: 'onStartupFinished'
2024-06-26 12:31:52.641 [info] ExtensionService#_doActivateExtension vscode.merge-conflict, startup: false, activationEvent: 'onStartupFinished'
2024-06-26 12:31:52.656 [info] ExtensionService#_doActivateExtension Catppuccin.catppuccin-vsc, startup: false, activationEvent: 'onStartupFinished'
